-------------------------------------------------------------------------------
Test set: me.martin.radev.game.virtualcommando.game.weapon.NormalWeaponTest
-------------------------------------------------------------------------------
Tests run: 3, Failures: 0, Errors: 3, Skipped: 0, Time elapsed: 0.967 sec <<< FAILURE!
testProduceBullet(me.martin.radev.game.virtualcommando.game.weapon.NormalWeaponTest)  Time elapsed: 0.11 sec  <<< ERROR!
java.lang.IllegalArgumentException: Invalid format
	at org.classpath.icedtea.pulseaudio.PulseAudioDataLine.createStream(PulseAudioDataLine.java:142)
	at org.classpath.icedtea.pulseaudio.PulseAudioDataLine.open(PulseAudioDataLine.java:99)
	at org.classpath.icedtea.pulseaudio.PulseAudioDataLine.open(PulseAudioDataLine.java:283)
	at org.classpath.icedtea.pulseaudio.PulseAudioClip.open(PulseAudioClip.java:402)
	at org.classpath.icedtea.pulseaudio.PulseAudioClip.open(PulseAudioClip.java:453)
	at me.martin.radev.game.virtualcommando.sound.SoundEffect.loadSoundEffect(SoundEffect.java:59)
	at me.martin.radev.game.virtualcommando.sound.SoundEffect.reloadEffect(SoundEffect.java:38)
	at me.martin.radev.game.virtualcommando.sound.SoundEffect.play(SoundEffect.java:67)
	at me.martin.radev.game.virtualcommando.game.weapon.NormalWeapon.produceBullet(NormalWeapon.java:56)
	at me.martin.radev.game.virtualcommando.game.weapon.NormalWeaponTest.testProduceBullet(NormalWeaponTest.java:63)
	at sun.reflect.NativeMethodAccessorImpl.invoke0(Native Method)
	at sun.reflect.NativeMethodAccessorImpl.invoke(NativeMethodAccessorImpl.java:57)
	at sun.reflect.DelegatingMethodAccessorImpl.invoke(DelegatingMethodAccessorImpl.java:43)
	at java.lang.reflect.Method.invoke(Method.java:606)
	at org.junit.runners.model.FrameworkMethod$1.runReflectiveCall(FrameworkMethod.java:45)
	at org.junit.internal.runners.model.ReflectiveCallable.run(ReflectiveCallable.java:15)
	at org.junit.runners.model.FrameworkMethod.invokeExplosively(FrameworkMethod.java:42)
	at org.junit.internal.runners.statements.InvokeMethod.evaluate(InvokeMethod.java:20)
	at org.junit.internal.runners.statements.RunBefores.evaluate(RunBefores.java:28)
	at org.junit.internal.runners.statements.RunAfters.evaluate(RunAfters.java:30)
	at org.junit.runners.ParentRunner.runLeaf(ParentRunner.java:263)
	at org.junit.runners.BlockJUnit4ClassRunner.runChild(BlockJUnit4ClassRunner.java:68)
	at org.junit.runners.BlockJUnit4ClassRunner.runChild(BlockJUnit4ClassRunner.java:47)
	at org.junit.runners.ParentRunner$3.run(ParentRunner.java:231)
	at org.junit.runners.ParentRunner$1.schedule(ParentRunner.java:60)
	at org.junit.runners.ParentRunner.runChildren(ParentRunner.java:229)
	at org.junit.runners.ParentRunner.access$000(ParentRunner.java:50)
	at org.junit.runners.ParentRunner$2.evaluate(ParentRunner.java:222)
	at org.junit.internal.runners.statements.RunBefores.evaluate(RunBefores.java:28)
	at org.junit.internal.runners.statements.RunAfters.evaluate(RunAfters.java:30)
	at org.junit.runners.ParentRunner.run(ParentRunner.java:300)
	at org.apache.maven.surefire.junit4.JUnit4TestSet.execute(JUnit4TestSet.java:53)
	at org.apache.maven.surefire.junit4.JUnit4Provider.executeTestSet(JUnit4Provider.java:123)
	at org.apache.maven.surefire.junit4.JUnit4Provider.invoke(JUnit4Provider.java:104)
	at sun.reflect.NativeMethodAccessorImpl.invoke0(Native Method)
	at sun.reflect.NativeMethodAccessorImpl.invoke(NativeMethodAccessorImpl.java:57)
	at sun.reflect.DelegatingMethodAccessorImpl.invoke(DelegatingMethodAccessorImpl.java:43)
	at java.lang.reflect.Method.invoke(Method.java:606)
	at org.apache.maven.surefire.util.ReflectionUtils.invokeMethodWithArray(ReflectionUtils.java:164)
	at org.apache.maven.surefire.booter.ProviderFactory$ProviderProxy.invoke(ProviderFactory.java:110)
	at org.apache.maven.surefire.booter.SurefireStarter.invokeProvider(SurefireStarter.java:175)
	at org.apache.maven.surefire.booter.SurefireStarter.runSuitesInProcessWhenForked(SurefireStarter.java:107)
	at org.apache.maven.surefire.booter.ForkedBooter.main(ForkedBooter.java:68)
weaponAmmoCount(me.martin.radev.game.virtualcommando.game.weapon.NormalWeaponTest)  Time elapsed: 0.022 sec  <<< ERROR!
java.lang.IllegalArgumentException: Invalid format
	at org.classpath.icedtea.pulseaudio.PulseAudioDataLine.createStream(PulseAudioDataLine.java:142)
	at org.classpath.icedtea.pulseaudio.PulseAudioDataLine.open(PulseAudioDataLine.java:99)
	at org.classpath.icedtea.pulseaudio.PulseAudioDataLine.open(PulseAudioDataLine.java:283)
	at org.classpath.icedtea.pulseaudio.PulseAudioClip.open(PulseAudioClip.java:402)
	at org.classpath.icedtea.pulseaudio.PulseAudioClip.open(PulseAudioClip.java:453)
	at me.martin.radev.game.virtualcommando.sound.SoundEffect.loadSoundEffect(SoundEffect.java:59)
	at me.martin.radev.game.virtualcommando.sound.SoundEffect.reloadEffect(SoundEffect.java:38)
	at me.martin.radev.game.virtualcommando.sound.SoundEffect.play(SoundEffect.java:67)
	at me.martin.radev.game.virtualcommando.game.weapon.NormalWeapon.produceBullet(NormalWeapon.java:56)
	at me.martin.radev.game.virtualcommando.game.weapon.NormalWeaponTest.weaponAmmoCount(NormalWeaponTest.java:78)
	at sun.reflect.NativeMethodAccessorImpl.invoke0(Native Method)
	at sun.reflect.NativeMethodAccessorImpl.invoke(NativeMethodAccessorImpl.java:57)
	at sun.reflect.DelegatingMethodAccessorImpl.invoke(DelegatingMethodAccessorImpl.java:43)
	at java.lang.reflect.Method.invoke(Method.java:606)
	at org.junit.runners.model.FrameworkMethod$1.runReflectiveCall(FrameworkMethod.java:45)
	at org.junit.internal.runners.model.ReflectiveCallable.run(ReflectiveCallable.java:15)
	at org.junit.runners.model.FrameworkMethod.invokeExplosively(FrameworkMethod.java:42)
	at org.junit.internal.runners.statements.InvokeMethod.evaluate(InvokeMethod.java:20)
	at org.junit.internal.runners.statements.RunBefores.evaluate(RunBefores.java:28)
	at org.junit.internal.runners.statements.RunAfters.evaluate(RunAfters.java:30)
	at org.junit.runners.ParentRunner.runLeaf(ParentRunner.java:263)
	at org.junit.runners.BlockJUnit4ClassRunner.runChild(BlockJUnit4ClassRunner.java:68)
	at org.junit.runners.BlockJUnit4ClassRunner.runChild(BlockJUnit4ClassRunner.java:47)
	at org.junit.runners.ParentRunner$3.run(ParentRunner.java:231)
	at org.junit.runners.ParentRunner$1.schedule(ParentRunner.java:60)
	at org.junit.runners.ParentRunner.runChildren(ParentRunner.java:229)
	at org.junit.runners.ParentRunner.access$000(ParentRunner.java:50)
	at org.junit.runners.ParentRunner$2.evaluate(ParentRunner.java:222)
	at org.junit.internal.runners.statements.RunBefores.evaluate(RunBefores.java:28)
	at org.junit.internal.runners.statements.RunAfters.evaluate(RunAfters.java:30)
	at org.junit.runners.ParentRunner.run(ParentRunner.java:300)
	at org.apache.maven.surefire.junit4.JUnit4TestSet.execute(JUnit4TestSet.java:53)
	at org.apache.maven.surefire.junit4.JUnit4Provider.executeTestSet(JUnit4Provider.java:123)
	at org.apache.maven.surefire.junit4.JUnit4Provider.invoke(JUnit4Provider.java:104)
	at sun.reflect.NativeMethodAccessorImpl.invoke0(Native Method)
	at sun.reflect.NativeMethodAccessorImpl.invoke(NativeMethodAccessorImpl.java:57)
	at sun.reflect.DelegatingMethodAccessorImpl.invoke(DelegatingMethodAccessorImpl.java:43)
	at java.lang.reflect.Method.invoke(Method.java:606)
	at org.apache.maven.surefire.util.ReflectionUtils.invokeMethodWithArray(ReflectionUtils.java:164)
	at org.apache.maven.surefire.booter.ProviderFactory$ProviderProxy.invoke(ProviderFactory.java:110)
	at org.apache.maven.surefire.booter.SurefireStarter.invokeProvider(SurefireStarter.java:175)
	at org.apache.maven.surefire.booter.SurefireStarter.runSuitesInProcessWhenForked(SurefireStarter.java:107)
	at org.apache.maven.surefire.booter.ForkedBooter.main(ForkedBooter.java:68)
weaponAmmoCountNotNegative(me.martin.radev.game.virtualcommando.game.weapon.NormalWeaponTest)  Time elapsed: 0.009 sec  <<< ERROR!
java.lang.IllegalArgumentException: Invalid format
	at org.classpath.icedtea.pulseaudio.PulseAudioDataLine.createStream(PulseAudioDataLine.java:142)
	at org.classpath.icedtea.pulseaudio.PulseAudioDataLine.open(PulseAudioDataLine.java:99)
	at org.classpath.icedtea.pulseaudio.PulseAudioDataLine.open(PulseAudioDataLine.java:283)
	at org.classpath.icedtea.pulseaudio.PulseAudioClip.open(PulseAudioClip.java:402)
	at org.classpath.icedtea.pulseaudio.PulseAudioClip.open(PulseAudioClip.java:453)
	at me.martin.radev.game.virtualcommando.sound.SoundEffect.loadSoundEffect(SoundEffect.java:59)
	at me.martin.radev.game.virtualcommando.sound.SoundEffect.reloadEffect(SoundEffect.java:38)
	at me.martin.radev.game.virtualcommando.sound.SoundEffect.play(SoundEffect.java:67)
	at me.martin.radev.game.virtualcommando.game.weapon.NormalWeapon.produceBullet(NormalWeapon.java:56)
	at me.martin.radev.game.virtualcommando.game.weapon.NormalWeaponTest.weaponAmmoCountNotNegative(NormalWeaponTest.java:90)
	at sun.reflect.NativeMethodAccessorImpl.invoke0(Native Method)
	at sun.reflect.NativeMethodAccessorImpl.invoke(NativeMethodAccessorImpl.java:57)
	at sun.reflect.DelegatingMethodAccessorImpl.invoke(DelegatingMethodAccessorImpl.java:43)
	at java.lang.reflect.Method.invoke(Method.java:606)
	at org.junit.runners.model.FrameworkMethod$1.runReflectiveCall(FrameworkMethod.java:45)
	at org.junit.internal.runners.model.ReflectiveCallable.run(ReflectiveCallable.java:15)
	at org.junit.runners.model.FrameworkMethod.invokeExplosively(FrameworkMethod.java:42)
	at org.junit.internal.runners.statements.InvokeMethod.evaluate(InvokeMethod.java:20)
	at org.junit.internal.runners.statements.RunBefores.evaluate(RunBefores.java:28)
	at org.junit.internal.runners.statements.RunAfters.evaluate(RunAfters.java:30)
	at org.junit.runners.ParentRunner.runLeaf(ParentRunner.java:263)
	at org.junit.runners.BlockJUnit4ClassRunner.runChild(BlockJUnit4ClassRunner.java:68)
	at org.junit.runners.BlockJUnit4ClassRunner.runChild(BlockJUnit4ClassRunner.java:47)
	at org.junit.runners.ParentRunner$3.run(ParentRunner.java:231)
	at org.junit.runners.ParentRunner$1.schedule(ParentRunner.java:60)
	at org.junit.runners.ParentRunner.runChildren(ParentRunner.java:229)
	at org.junit.runners.ParentRunner.access$000(ParentRunner.java:50)
	at org.junit.runners.ParentRunner$2.evaluate(ParentRunner.java:222)
	at org.junit.internal.runners.statements.RunBefores.evaluate(RunBefores.java:28)
	at org.junit.internal.runners.statements.RunAfters.evaluate(RunAfters.java:30)
	at org.junit.runners.ParentRunner.run(ParentRunner.java:300)
	at org.apache.maven.surefire.junit4.JUnit4TestSet.execute(JUnit4TestSet.java:53)
	at org.apache.maven.surefire.junit4.JUnit4Provider.executeTestSet(JUnit4Provider.java:123)
	at org.apache.maven.surefire.junit4.JUnit4Provider.invoke(JUnit4Provider.java:104)
	at sun.reflect.NativeMethodAccessorImpl.invoke0(Native Method)
	at sun.reflect.NativeMethodAccessorImpl.invoke(NativeMethodAccessorImpl.java:57)
	at sun.reflect.DelegatingMethodAccessorImpl.invoke(DelegatingMethodAccessorImpl.java:43)
	at java.lang.reflect.Method.invoke(Method.java:606)
	at org.apache.maven.surefire.util.ReflectionUtils.invokeMethodWithArray(ReflectionUtils.java:164)
	at org.apache.maven.surefire.booter.ProviderFactory$ProviderProxy.invoke(ProviderFactory.java:110)
	at org.apache.maven.surefire.booter.SurefireStarter.invokeProvider(SurefireStarter.java:175)
	at org.apache.maven.surefire.booter.SurefireStarter.runSuitesInProcessWhenForked(SurefireStarter.java:107)
	at org.apache.maven.surefire.booter.ForkedBooter.main(ForkedBooter.java:68)
